<?xml version="1.0" encoding="UTF-8"?>
<!-- Generated by org.testng.reporters.JUnitReportReporter -->
<testsuite hostname="DESKTOP-8C0LO3K" failures="0" tests="3" name="testNG.WebTesting" time="0.005" errors="0" timestamp="2024-02-26T20:43:07 IST" skipped="0">
  <testcase classname="testNG.WebTesting" name="secondWebTest" time="0.000"/>
  <system-out/>
  <testcase classname="testNG.WebTesting" name="firstWebTest" time="0.004"/>
  <system-out/>
  <testcase classname="testNG.WebTesting" name="lasttest" time="0.001"/>
  <system-out/>
</testsuite> <!-- testNG.WebTesting -->
