<?xml version="1.0" encoding="UTF-8"?>
<!-- Generated by org.testng.reporters.JUnitReportReporter -->
<testsuite hostname="DESKTOP-8C0LO3K" failures="0" tests="1" name="testNG.APITesting" time="0.002" errors="0" timestamp="2024-02-27T19:45:31 IST" skipped="0">
  <testcase classname="testNG.APITesting" name="firstAPITest" time="0.002"/>
  <system-out/>
</testsuite> <!-- testNG.APITesting -->
