<?xml version="1.0" encoding="UTF-8"?>
<!-- Generated by org.testng.reporters.JUnitReportReporter -->
<testsuite hostname="DESKTOP-8C0LO3K" failures="0" tests="3" name="testNG.WebTesting" time="0.054" errors="0" timestamp="2024-02-23T20:36:30 IST" skipped="0">
  <testcase classname="testNG.WebTesting" name="firstWebTest" time="0.043"/>
  <system-out/>
  <testcase classname="testNG.WebTesting" name="secondWebTest" time="0.004"/>
  <system-out/>
  <testcase classname="testNG.WebTesting" name="lasttest" time="0.007"/>
  <system-out/>
</testsuite> <!-- testNG.WebTesting -->
