<?xml version="1.0" encoding="UTF-8"?>
<!-- Generated by org.testng.reporters.JUnitReportReporter -->
<testsuite hostname="DESKTOP-8C0LO3K" failures="0" tests="2" name="testNG.MobileTesting" time="0.061" errors="0" timestamp="2024-02-23T19:54:48 IST" skipped="0">
  <testcase classname="testNG.MobileTesting" name="secondMobileTest" time="0.013"/>
  <system-out/>
  <testcase classname="testNG.MobileTesting" name="firstMobileTest" time="0.048"/>
  <system-out/>
</testsuite> <!-- testNG.MobileTesting -->
