<?xml version="1.0" encoding="UTF-8"?>
<!-- Generated by org.testng.reporters.JUnitReportReporter -->
<testsuite hostname="DESKTOP-8C0LO3K" failures="0" tests="3" name="dataProviders.LearnDataProviders" time="0.032" errors="0" timestamp="2024-02-27T20:03:00 IST" skipped="0">
  <testcase classname="dataProviders.LearnDataProviders" name="myfirstTest" time="0.003"/>
  <system-out/>
  <testcase classname="dataProviders.LearnDataProviders" name="myfirstTest" time="0.027"/>
  <system-out/>
  <testcase classname="dataProviders.LearnDataProviders" name="myfirstTest" time="0.002"/>
  <system-out/>
</testsuite> <!-- dataProviders.LearnDataProviders -->
