<?xml version="1.0" encoding="UTF-8"?>
<!-- Generated by org.testng.reporters.JUnitReportReporter -->
<testsuite hostname="DESKTOP-8C0LO3K" failures="0" tests="1" name="Java.ReadExcelData" time="0.558" errors="0" timestamp="2024-03-11T20:19:51 IST" skipped="0">
  <testcase classname="Java.ReadExcelData" name="readExcelData" time="0.558"/>
  <system-out/>
</testsuite> <!-- Java.ReadExcelData -->
