<?xml version="1.0" encoding="UTF-8"?>
<!-- Generated by org.testng.reporters.JUnitReportReporter -->
<testsuite hostname="DESKTOP-8C0LO3K" failures="0" tests="1" name="testNG.WebTesting" time="0.004" errors="0" timestamp="2024-03-12T20:37:50 IST" skipped="0">
  <testcase classname="testNG.WebTesting" name="lasttest" time="0.004"/>
  <system-out/>
</testsuite> <!-- testNG.WebTesting -->
