<?xml version="1.0" encoding="UTF-8"?>
<!-- Generated by org.testng.reporters.JUnitReportReporter -->
<testsuite hostname="DESKTOP-8C0LO3K" failures="0" tests="3" name="testNG.WebTesting" time="0.078" errors="0" timestamp="2024-02-23T19:56:23 IST" skipped="0">
  <testcase classname="testNG.WebTesting" name="firstWebTest" time="0.052"/>
  <system-out/>
  <testcase classname="testNG.WebTesting" name="secondWebTest" time="0.018"/>
  <system-out/>
  <testcase classname="testNG.WebTesting" name="lasttest" time="0.008"/>
  <system-out/>
</testsuite> <!-- testNG.WebTesting -->
