<?xml version="1.0" encoding="UTF-8"?>
<!-- Generated by org.testng.reporters.JUnitReportReporter -->
<testsuite hostname="DESKTOP-8C0LO3K" failures="0" tests="2" name="testNG.MobileTesting" time="0.006" errors="0" timestamp="2024-02-29T20:42:13 IST" skipped="0">
  <testcase classname="testNG.MobileTesting" name="secondMobileTest" time="0.003"/>
  <system-out/>
  <testcase classname="testNG.MobileTesting" name="firstMobileTest" time="0.003"/>
  <system-out/>
</testsuite> <!-- testNG.MobileTesting -->
