<?xml version="1.0" encoding="UTF-8"?>
<!-- Generated by org.testng.reporters.JUnitReportReporter -->
<testsuite hostname="DESKTOP-8C0LO3K" failures="0" tests="1" name="assertions.ValidationExample" time="26.300" errors="0" timestamp="2024-02-28T20:28:45 IST" skipped="0">
  <testcase classname="assertions.ValidationExample" name="seleniumValidation" time="26.300"/>
  <system-out/>
</testsuite> <!-- assertions.ValidationExample -->
