<?xml version="1.0" encoding="UTF-8"?>
<!-- Generated by org.testng.reporters.JUnitReportReporter -->
<testsuite hostname="DESKTOP-8C0LO3K" failures="0" tests="1" name="Java.demo" time="0.014" errors="0" timestamp="2024-03-01T15:22:54 IST" skipped="0">
  <testcase classname="Java.demo" name="test" time="0.014"/>
  <system-out/>
</testsuite> <!-- Java.demo -->
