<?xml version="1.0" encoding="UTF-8"?>
<!-- Generated by org.testng.reporters.JUnitReportReporter -->
<testsuite hostname="DESKTOP-8C0LO3K" failures="0" tests="2" name="Java.BasicConcept" time="0.032" errors="0" timestamp="2024-02-29T20:30:54 IST" skipped="0">
  <testcase classname="Java.BasicConcept" name="test1" time="0.020"/>
  <system-out/>
  <testcase classname="Java.BasicConcept" name="test2" time="0.012"/>
  <system-out/>
</testsuite> <!-- Java.BasicConcept -->
