<?xml version="1.0" encoding="UTF-8"?>
<!-- Generated by org.testng.reporters.JUnitReportReporter -->
<testsuite hostname="DESKTOP-8C0LO3K" failures="0" tests="3" name="dataProviders.LearnDataProviders" time="0.019" errors="0" timestamp="2024-03-08T20:07:00 IST" skipped="0">
  <testcase classname="dataProviders.LearnDataProviders" name="myfirstTest" time="0.001"/>
  <system-out/>
  <testcase classname="dataProviders.LearnDataProviders" name="myfirstTest" time="0.002"/>
  <system-out/>
  <testcase classname="dataProviders.LearnDataProviders" name="myfirstTest" time="0.016"/>
  <system-out/>
</testsuite> <!-- dataProviders.LearnDataProviders -->
