<?xml version="1.0" encoding="UTF-8"?>
<!-- Generated by org.testng.reporters.JUnitReportReporter -->
<testsuite hostname="DESKTOP-8C0LO3K" failures="0" tests="3" name="testNG.WebTesting" time="0.009" errors="0" timestamp="2024-02-27T19:45:44 IST" skipped="0">
  <testcase classname="testNG.WebTesting" name="secondWebTest" time="0.001"/>
  <system-out/>
  <testcase classname="testNG.WebTesting" name="firstWebTest" time="0.006"/>
  <system-out/>
  <testcase classname="testNG.WebTesting" name="lasttest" time="0.002"/>
  <system-out/>
</testsuite> <!-- testNG.WebTesting -->
